<?xml version="1.0" encoding="UTF-8"?>
<testng-results ignored="0" total="3" passed="3" failed="0" skipped="0">
  <reporter-output>
  </reporter-output>
  <suite started-at="2023-10-14T12:35:09 IST" name="Suite" finished-at="2023-10-14T12:35:36 IST" duration-ms="26717">
    <groups>
    </groups>
    <test started-at="2023-10-14T12:35:09 IST" name="Test" finished-at="2023-10-14T12:35:36 IST" duration-ms="26717">
      <class name="testcases.TestClass1">
        <test-method is-config="true" signature="launchDriver()[pri:0, instance:testcases.TestClass1@50eac852]" started-at="2023-10-14T12:35:10 IST" name="launchDriver" finished-at="2023-10-14T12:35:14 IST" duration-ms="4273" status="PASS">
          <reporter-output>
          </reporter-output>
        </test-method> <!-- launchDriver -->
        <test-method signature="Test1()[pri:0, instance:testcases.TestClass1@50eac852]" started-at="2023-10-14T12:35:14 IST" name="Test1" finished-at="2023-10-14T12:35:21 IST" duration-ms="7447" status="PASS">
          <reporter-output>
          </reporter-output>
        </test-method> <!-- Test1 -->
        <test-method is-config="true" signature="quit()[pri:0, instance:testcases.TestClass1@50eac852]" started-at="2023-10-14T12:35:21 IST" name="quit" finished-at="2023-10-14T12:35:22 IST" duration-ms="424" status="PASS">
          <reporter-output>
          </reporter-output>
        </test-method> <!-- quit -->
        <test-method is-config="true" signature="launchDriver()[pri:0, instance:testcases.TestClass1@50eac852]" started-at="2023-10-14T12:35:22 IST" name="launchDriver" finished-at="2023-10-14T12:35:24 IST" duration-ms="1789" status="PASS">
          <reporter-output>
          </reporter-output>
        </test-method> <!-- launchDriver -->
        <test-method signature="Test2()[pri:0, instance:testcases.TestClass1@50eac852]" started-at="2023-10-14T12:35:24 IST" name="Test2" finished-at="2023-10-14T12:35:28 IST" duration-ms="4783" status="PASS">
          <reporter-output>
          </reporter-output>
        </test-method> <!-- Test2 -->
        <test-method is-config="true" signature="quit()[pri:0, instance:testcases.TestClass1@50eac852]" started-at="2023-10-14T12:35:28 IST" name="quit" finished-at="2023-10-14T12:35:29 IST" duration-ms="366" status="PASS">
          <reporter-output>
          </reporter-output>
        </test-method> <!-- quit -->
        <test-method is-config="true" signature="launchDriver()[pri:0, instance:testcases.TestClass1@50eac852]" started-at="2023-10-14T12:35:29 IST" name="launchDriver" finished-at="2023-10-14T12:35:31 IST" duration-ms="1856" status="PASS">
          <reporter-output>
          </reporter-output>
        </test-method> <!-- launchDriver -->
        <test-method signature="Test3()[pri:0, instance:testcases.TestClass1@50eac852]" started-at="2023-10-14T12:35:31 IST" name="Test3" finished-at="2023-10-14T12:35:36 IST" duration-ms="5264" status="PASS">
          <reporter-output>
          </reporter-output>
        </test-method> <!-- Test3 -->
        <test-method is-config="true" signature="quit()[pri:0, instance:testcases.TestClass1@50eac852]" started-at="2023-10-14T12:35:36 IST" name="quit" finished-at="2023-10-14T12:35:36 IST" duration-ms="432" status="PASS">
          <reporter-output>
          </reporter-output>
        </test-method> <!-- quit -->
      </class> <!-- testcases.TestClass1 -->
    </test> <!-- Test -->
  </suite> <!-- Suite -->
</testng-results>
